  Source.c
C:\Users\jabru\Desktop\Workspace\Ders6\Source.c(48,10): warning C4473: 'scanf_s' : not enough arguments passed for format string
C:\Users\jabru\Desktop\Workspace\Ders6\Source.c(48,10): message : placeholders and their parameters expect 2 variadic arguments, but 1 were provided
C:\Users\jabru\Desktop\Workspace\Ders6\Source.c(48,10): message : the missing variadic argument 2 is required by format string '%c'
C:\Users\jabru\Desktop\Workspace\Ders6\Source.c(48,10): message : this argument is used as a buffer size
C:\Users\jabru\Desktop\Workspace\Ders6\Source.c(65,11): warning C4473: 'scanf_s' : not enough arguments passed for format string
C:\Users\jabru\Desktop\Workspace\Ders6\Source.c(65,11): message : placeholders and their parameters expect 2 variadic arguments, but 1 were provided
C:\Users\jabru\Desktop\Workspace\Ders6\Source.c(65,11): message : the missing variadic argument 2 is required by format string '%c'
C:\Users\jabru\Desktop\Workspace\Ders6\Source.c(65,11): message : this argument is used as a buffer size
C:\Users\jabru\Desktop\Workspace\Ders6\Source.c(82,12): warning C4473: 'scanf_s' : not enough arguments passed for format string
C:\Users\jabru\Desktop\Workspace\Ders6\Source.c(82,12): message : placeholders and their parameters expect 2 variadic arguments, but 1 were provided
C:\Users\jabru\Desktop\Workspace\Ders6\Source.c(82,12): message : the missing variadic argument 2 is required by format string '%c'
C:\Users\jabru\Desktop\Workspace\Ders6\Source.c(82,12): message : this argument is used as a buffer size
C:\Users\jabru\Desktop\Workspace\Ders6\Source.c(99,13): warning C4473: 'scanf_s' : not enough arguments passed for format string
C:\Users\jabru\Desktop\Workspace\Ders6\Source.c(99,13): message : placeholders and their parameters expect 2 variadic arguments, but 1 were provided
C:\Users\jabru\Desktop\Workspace\Ders6\Source.c(99,13): message : the missing variadic argument 2 is required by format string '%c'
C:\Users\jabru\Desktop\Workspace\Ders6\Source.c(99,13): message : this argument is used as a buffer size
C:\Users\jabru\Desktop\Workspace\Ders6\Source.c(116,14): warning C4473: 'scanf_s' : not enough arguments passed for format string
C:\Users\jabru\Desktop\Workspace\Ders6\Source.c(116,14): message : placeholders and their parameters expect 2 variadic arguments, but 1 were provided
C:\Users\jabru\Desktop\Workspace\Ders6\Source.c(116,14): message : the missing variadic argument 2 is required by format string '%c'
C:\Users\jabru\Desktop\Workspace\Ders6\Source.c(116,14): message : this argument is used as a buffer size
  Ders6.vcxproj -> C:\Users\jabru\Desktop\Workspace\Ders6\x64\Debug\Ders6.exe
